<?xml version="1.0" encoding="UTF-8"?>
<testsuite name="TestSuite" time="44.903" tests="2" errors="0" skipped="0" failures="1">
  <properties>
[...]
</properties>
  <testcase name="CreditCardPaymentSuccessfulTest" classname="test.java.TestCase" time="11.344"/>
  <testcase name="CreditCardPaymentUnSuccessfulTest" classname="test.java.TestCase" time="33.559">
    <failure message="Expected condition failed: waiting for frame to be available: Proxy element for: DefaultElementLocator &apos;By.xpath: //iframe[contains(@src,&apos;sandbox&apos;)]&apos; (tried for 30 second(s) with 500 milliseconds interval)" type="org.openqa.selenium.TimeoutException">org.openqa.selenium.TimeoutException: Expected condition failed: waiting for frame to be available: Proxy element for: DefaultElementLocator 'By.xpath: //iframe[contains(@src,'sandbox')]' (tried for 30 second(s) with 500 milliseconds interval)
	at jdk.internal.reflect.GeneratedConstructorAccessor7.newInstance(Unknown Source)
	at java.base/jdk.internal.reflect.DelegatingConstructorAccessorImpl.newInstance(DelegatingConstructorAccessorImpl.java:45)
	at java.base/java.lang.reflect.Constructor.newInstanceWithCaller(Constructor.java:500)
	at java.base/java.lang.reflect.Constructor.newInstance(Constructor.java:481)
	at org.openqa.selenium.remote.http.W3CHttpResponseCodec.createException(W3CHttpResponseCodec.java:187)
	at org.openqa.selenium.remote.http.W3CHttpResponseCodec.decode(W3CHttpResponseCodec.java:122)
	at org.openqa.selenium.remote.http.W3CHttpResponseCodec.decode(W3CHttpResponseCodec.java:49)
	at org.openqa.selenium.remote.HttpCommandExecutor.execute(HttpCommandExecutor.java:158)
	at org.openqa.selenium.remote.service.DriverCommandExecutor.execute(DriverCommandExecutor.java:83)
	at org.openqa.selenium.remote.RemoteWebDriver.execute(RemoteWebDriver.java:545)
	at org.openqa.selenium.remote.RemoteWebDriver.findElement(RemoteWebDriver.java:319)
	at org.openqa.selenium.remote.RemoteWebDriver.findElementByXPath(RemoteWebDriver.java:421)
	at org.openqa.selenium.By$ByXPath.findElement(By.java:361)
	at org.openqa.selenium.remote.RemoteWebDriver.findElement(RemoteWebDriver.java:311)
	at org.openqa.selenium.support.pagefactory.DefaultElementLocator.findElement(DefaultElementLocator.java:69)
	at org.openqa.selenium.support.pagefactory.internal.LocatingElementHandler.invoke(LocatingElementHandler.java:38)
	at com.sun.proxy.$Proxy7.getWrappedElement(Unknown Source)
	at org.openqa.selenium.remote.internal.WebElementToJsonConverter.apply(WebElementToJsonConverter.java:51)
	at org.openqa.selenium.remote.RemoteWebDriver$RemoteTargetLocator.frame(RemoteWebDriver.java:890)
	at org.openqa.selenium.support.ui.ExpectedConditions$19.apply(ExpectedConditions.java:569)
	at org.openqa.selenium.support.ui.ExpectedConditions$19.apply(ExpectedConditions.java:565)
	at org.openqa.selenium.support.ui.FluentWait.until(FluentWait.java:248)
	at main.java.ReusableMethods.ReusableMethods.waitForFrameToBeLoadAndSwitchToIt(ReusableMethods.java:19)
	at main.java.Pages.HomePage.clickOnPayNowButton(HomePage.java:105)
	at test.java.TestCase.CreditCardPaymentUnSuccessfulTest(TestCase.java:38)
</failure>
  </testcase>
</testsuite>